<?xml version="1.0" encoding="UTF-8"?>
<!-- Generated by org.testng.reporters.JUnitReportReporter -->
<testsuite skipped="0" hostname="Infva06064" name="day6.FirstNG" tests="1" failures="0" timestamp="18 Sep 2019 22:44:23 GMT" time="11.634" errors="0">
  <testcase name="f" time="11.634" classname="day6.FirstNG"/>
</testsuite> <!-- day6.FirstNG -->
