<?xml version="1.0" encoding="UTF-8"?>
<!-- Generated by org.testng.reporters.JUnitReportReporter -->
<testsuite skipped="0" hostname="Infva06064" name="day8.GroupingExample" tests="1" failures="0" timestamp="20 Sep 2019 19:07:36 GMT" time="0.062" errors="0">
  <testcase name="f3" time="0.062" classname="day8.GroupingExample"/>
</testsuite> <!-- day8.GroupingExample -->
